<?xml version="1.0" encoding="UTF-8"?>
<robot generator="Robot 4.1.3 (Python 3.7.5 on win32)" generated="20220307 12:01:52.049" rpa="true" schemaversion="2">
<suite id="s1" name="Tasks" source="c:\Users\lisa.hehr\Documents\RobotFramework\build-a-robot\tasks.robot">
<test id="s1-t1" name="Order robots from RobotSpareBin Industries Incp">
<kw name="Set up directories">
<kw name="Create Directory" library="OperatingSystem">
<arg>${PDF_OUTPUT_DIRECTORY}</arg>
<doc>Creates the specified directory.</doc>
<msg timestamp="20220307 12:02:14.500" level="INFO" html="true">Directory '&lt;a href="file://c:\Users\lisa.hehr\Documents\RobotFramework\build-a-robot\pdf_files"&gt;c:\Users\lisa.hehr\Documents\RobotFramework\build-a-robot\pdf_files&lt;/a&gt;' already exists.</msg>
<status status="PASS" starttime="20220307 12:02:14.496" endtime="20220307 12:02:14.501"/>
</kw>
<kw name="Create Directory" library="OperatingSystem">
<arg>${SCREENSHOT_OUTPUT_DIRECTORY}</arg>
<doc>Creates the specified directory.</doc>
<msg timestamp="20220307 12:02:14.507" level="INFO" html="true">Directory '&lt;a href="file://c:\Users\lisa.hehr\Documents\RobotFramework\build-a-robot\image_files"&gt;c:\Users\lisa.hehr\Documents\RobotFramework\build-a-robot\image_files&lt;/a&gt;' already exists.</msg>
<status status="PASS" starttime="20220307 12:02:14.504" endtime="20220307 12:02:14.508"/>
</kw>
<kw name="Empty Directory" library="OperatingSystem">
<arg>${PDF_OUTPUT_DIRECTORY}</arg>
<doc>Deletes all the content from the given directory.</doc>
<msg timestamp="20220307 12:02:14.513" level="INFO" html="true">Listing contents of directory '&lt;a href="file://c:\Users\lisa.hehr\Documents\RobotFramework\build-a-robot\pdf_files"&gt;c:\Users\lisa.hehr\Documents\RobotFramework\build-a-robot\pdf_files&lt;/a&gt;'.</msg>
<msg timestamp="20220307 12:02:14.515" level="INFO" html="true">Emptied directory '&lt;a href="file://c:\Users\lisa.hehr\Documents\RobotFramework\build-a-robot\pdf_files"&gt;c:\Users\lisa.hehr\Documents\RobotFramework\build-a-robot\pdf_files&lt;/a&gt;'.</msg>
<status status="PASS" starttime="20220307 12:02:14.510" endtime="20220307 12:02:14.516"/>
</kw>
<kw name="Empty Directory" library="OperatingSystem">
<arg>${SCREENSHOT_OUTPUT_DIRECTORY}</arg>
<doc>Deletes all the content from the given directory.</doc>
<msg timestamp="20220307 12:02:14.522" level="INFO" html="true">Listing contents of directory '&lt;a href="file://c:\Users\lisa.hehr\Documents\RobotFramework\build-a-robot\image_files"&gt;c:\Users\lisa.hehr\Documents\RobotFramework\build-a-robot\image_files&lt;/a&gt;'.</msg>
<msg timestamp="20220307 12:02:14.523" level="INFO" html="true">Emptied directory '&lt;a href="file://c:\Users\lisa.hehr\Documents\RobotFramework\build-a-robot\image_files"&gt;c:\Users\lisa.hehr\Documents\RobotFramework\build-a-robot\image_files&lt;/a&gt;'.</msg>
<status status="PASS" starttime="20220307 12:02:14.518" endtime="20220307 12:02:14.524"/>
</kw>
<status status="PASS" starttime="20220307 12:02:14.492" endtime="20220307 12:02:14.526"/>
</kw>
<kw name="Open the robot order website">
<kw name="Get Secret" library="RPA.Robocorp.Vault">
<var>${secret}</var>
<arg>credentials</arg>
<doc>Read a secret from the configured source, e.g. Robocorp Vault,
and return it as a ``Secret`` object.</doc>
<msg timestamp="20220307 12:02:14.534" level="INFO">Protecting keyword: RPA.Robocorp.Vault.Get Secret</msg>
<msg timestamp="20220307 12:02:14.551" level="INFO">Log level changed from NONE to INFO.</msg>
<status status="PASS" starttime="20220307 12:02:14.531" endtime="20220307 12:02:14.549"/>
</kw>
<kw name="Open Available Browser" library="RPA.Browser">
<arg>${secret}[browserUrl]</arg>
<doc>Attempts to open a browser on the user's device from a set of
supported browsers. Automatically downloads a corresponding webdriver
if none is already installed.</doc>
<msg timestamp="20220307 12:02:14.558" level="INFO">Creating an instance of the Chrome WebDriver.</msg>
<msg timestamp="20220307 12:02:14.747" level="INFO">Created download root directory: C:\Users\lisa.hehr\AppData\Local\robocorp\webdrivers</msg>
<msg timestamp="20220307 12:02:14.750" level="INFO">Created symlink directory: C:\Users\lisa.hehr\AppData\Local\robocorp\webdrivers</msg>
<msg timestamp="20220307 12:02:14.754" level="INFO">Creating an instance of the Chrome WebDriver.</msg>
<msg timestamp="20220307 12:02:21.372" level="INFO">Created Chrome browser with arguments: --disable-dev-shm-usage --disable-web-security --allow-running-insecure-content --no-sandbox</msg>
<msg timestamp="20220307 12:02:21.373" level="INFO" html="true">&lt;p&gt;Attempted combinations:&lt;/p&gt;&lt;div class="doc"&gt;&lt;table&gt;&lt;tr&gt;&lt;th&gt;Browser&lt;/th&gt;&lt;th&gt;Download&lt;/th&gt;&lt;th&gt;Error&lt;/th&gt;&lt;/tr&gt;&lt;tr&gt;&lt;td&gt;Chrome&lt;/td&gt;&lt;td&gt;False&lt;/td&gt;&lt;td&gt;Message: 'chromedriver' executable needs to be in PATH. Please see https://sites.google.com/a/chromium.org/chromedriver/home
&lt;/td&gt;&lt;/tr&gt;&lt;tr&gt;&lt;td&gt;Chrome&lt;/td&gt;&lt;td&gt;True&lt;/td&gt;&lt;td&gt;&lt;/td&gt;&lt;/tr&gt;&lt;/table&gt;&lt;/div&gt;</msg>
<msg timestamp="20220307 12:02:21.374" level="INFO">Opening url 'https://robotsparebinindustries.com/#/robot-order'</msg>
<status status="PASS" starttime="20220307 12:02:14.553" endtime="20220307 12:02:23.462"/>
</kw>
<status status="PASS" starttime="20220307 12:02:14.528" endtime="20220307 12:02:23.468"/>
</kw>
<kw name="Close Browser" library="RPA.Browser" type="TEARDOWN">
<doc>Closes the current browser.</doc>
<status status="PASS" starttime="20220307 12:02:23.474" endtime="20220307 12:02:27.684"/>
</kw>
<status status="PASS" starttime="20220307 12:02:14.485" endtime="20220307 12:02:27.686"/>
</test>
<doc>Orders robots from RobotSpareBin Industries Inc.
Saves the order HTML receipt as a PDF file.
Saves the screenshot of the ordered robot.
Embeds the screenshot of the robot to the PDF receipt.
Creates ZIP archive of the receipts and the images.</doc>
<status status="PASS" starttime="20220307 12:01:52.074" endtime="20220307 12:02:27.695"/>
</suite>
<statistics>
<total>
<stat pass="1" fail="0" skip="0">All Tasks</stat>
</total>
<tag>
</tag>
<suite>
<stat pass="1" fail="0" skip="0" id="s1" name="Tasks">Tasks</stat>
</suite>
</statistics>
<errors>
<msg timestamp="20220307 12:02:01.005" level="WARN">This is a deprecated import that will be removed in favor of RPA.Browser.Selenium</msg>
</errors>
</robot>
